<?xml version="1.0" encoding="UTF-8"?>
<testsuite xmlns:xsi="http://www.w3.org/2001/XMLSchema-instance" xsi:noNamespaceSchemaLocation="https://maven.apache.org/surefire/maven-surefire-plugin/xsd/surefire-test-report-3.0.xsd" version="3.0" name="com.pacientes.gestor_pacientes.implementacionDAO.Paciente.DatosPrincipalesDAOImplementacionTest" time="0.068" tests="1" errors="0" skipped="0" failures="0">
  <properties>
    <property name="java.specification.version" value="17"/>
    <property name="sun.jnu.encoding" value="UTF-8"/>
    <property name="java.class.path" value="/home/previotto/Escritorio/Bruno/Programa Flo/gestor_pacientes/target/test-classes:/home/previotto/.m2/repository/org/apache/maven/shared/maven-shared-utils/3.3.4/maven-shared-utils-3.3.4.jar:/home/previotto/.m2/repository/javax/inject/javax.inject/1/javax.inject-1.jar:/home/previotto/.m2/repository/com/googlecode/javaewah/JavaEWAH/1.2.3/JavaEWAH-1.2.3.jar:/home/previotto/.m2/repository/org/slf4j/slf4j-api/1.7.36/slf4j-api-1.7.36.jar:/home/previotto/.m2/repository/commons-codec/commons-codec/1.16.0/commons-codec-1.16.0.jar:/home/previotto/.m2/repository/com/google/guava/failureaccess/1.0.1/failureaccess-1.0.1.jar:/home/previotto/.m2/repository/com/google/guava/listenablefuture/9999.0-empty-to-avoid-conflict-with-guava/listenablefuture-9999.0-empty-to-avoid-conflict-with-guava.jar:/home/previotto/.m2/repository/com/google/code/findbugs/jsr305/3.0.2/jsr305-3.0.2.jar:/home/previotto/.m2/repository/org/checkerframework/checker-qual/3.12.0/checker-qual-3.12.0.jar:/home/previotto/.m2/repository/com/google/errorprone/error_prone_annotations/2.11.0/error_prone_annotations-2.11.0.jar:/home/previotto/.m2/repository/com/google/j2objc/j2objc-annotations/1.3/j2objc-annotations-1.3.jar:/home/previotto/.m2/repository/org/openjfx/javafx-controls/13/javafx-controls-13.jar:/home/previotto/.m2/repository/org/openjfx/javafx-graphics/13/javafx-graphics-13.jar:/home/previotto/.m2/repository/org/openjfx/javafx-base/13/javafx-base-13.jar:/home/previotto/.m2/repository/org/openjfx/javafx-fxml/13/javafx-fxml-13.jar:/home/previotto/.m2/repository/org/mariadb/jdbc/mariadb-java-client/3.0.5/mariadb-java-client-3.0.5.jar:/home/previotto/.m2/repository/org/junit/jupiter/junit-jupiter-api/5.6.0/junit-jupiter-api-5.6.0.jar:/home/previotto/.m2/repository/org/apiguardian/apiguardian-api/1.1.0/apiguardian-api-1.1.0.jar:/home/previotto/.m2/repository/org/opentest4j/opentest4j/1.2.0/opentest4j-1.2.0.jar:/home/previotto/.m2/repository/org/junit/platform/junit-platform-commons/1.6.0/junit-platform-commons-1.6.0.jar:/home/previotto/.m2/repository/org/junit/jupiter/junit-jupiter-params/5.6.0/junit-jupiter-params-5.6.0.jar:/home/previotto/.m2/repository/org/junit/jupiter/junit-jupiter-engine/5.6.0/junit-jupiter-engine-5.6.0.jar:/home/previotto/.m2/repository/org/junit/platform/junit-platform-engine/1.6.0/junit-platform-engine-1.6.0.jar:/home/previotto/.m2/repository/org/openjfx/javafx-media/17.0.2/javafx-media-17.0.2.jar:/home/previotto/.m2/repository/org/hamcrest/hamcrest-core/1.3/hamcrest-core-1.3.jar:/home/previotto/.m2/repository/junit/junit/4.13.2/junit-4.13.2.jar:/home/previotto/.m2/repository/com/google/http-client/google-http-client-jackson2/1.43.3/google-http-client-jackson2-1.43.3.jar:/home/previotto/.m2/repository/com/google/http-client/google-http-client/1.43.3/google-http-client-1.43.3.jar:/home/previotto/.m2/repository/org/apache/httpcomponents/httpclient/4.5.14/httpclient-4.5.14.jar:/home/previotto/.m2/repository/commons-logging/commons-logging/1.2/commons-logging-1.2.jar:/home/previotto/.m2/repository/org/apache/httpcomponents/httpcore/4.4.16/httpcore-4.4.16.jar:/home/previotto/.m2/repository/io/opencensus/opencensus-api/0.31.1/opencensus-api-0.31.1.jar:/home/previotto/.m2/repository/io/grpc/grpc-context/1.27.2/grpc-context-1.27.2.jar:/home/previotto/.m2/repository/io/opencensus/opencensus-contrib-http-util/0.31.1/opencensus-contrib-http-util-0.31.1.jar:/home/previotto/.m2/repository/com/fasterxml/jackson/core/jackson-core/2.15.2/jackson-core-2.15.2.jar:"/>
    <property name="java.vm.vendor" value="BellSoft"/>
    <property name="sun.arch.data.model" value="64"/>
    <property name="java.vendor.url" value="https://bell-sw.com/"/>
    <property name="os.name" value="Linux"/>
    <property name="java.vm.specification.version" value="17"/>
    <property name="user.country" value="ES"/>
    <property name="sun.java.launcher" value="SUN_STANDARD"/>
    <property name="sun.boot.library.path" value="/usr/lib/jvm/bellsoft-java17-full-amd64/lib"/>
    <property name="sun.java.command" value="org.apache.maven.surefire.booter.ForkedBooter /home/previotto/Escritorio/Bruno/Programa Flo/gestor_pacientes/target/surefire 2024-02-08T07-24-13_253-jvmRun1 surefire-20240208072414265_1tmp surefire_0-20240208072414265_2tmp"/>
    <property name="jdk.debug" value="release"/>
    <property name="surefire.test.class.path" value="/home/previotto/Escritorio/Bruno/Programa Flo/gestor_pacientes/target/test-classes:/home/previotto/.m2/repository/org/apache/maven/shared/maven-shared-utils/3.3.4/maven-shared-utils-3.3.4.jar:/home/previotto/.m2/repository/javax/inject/javax.inject/1/javax.inject-1.jar:/home/previotto/.m2/repository/com/googlecode/javaewah/JavaEWAH/1.2.3/JavaEWAH-1.2.3.jar:/home/previotto/.m2/repository/org/slf4j/slf4j-api/1.7.36/slf4j-api-1.7.36.jar:/home/previotto/.m2/repository/commons-codec/commons-codec/1.16.0/commons-codec-1.16.0.jar:/home/previotto/.m2/repository/com/google/guava/failureaccess/1.0.1/failureaccess-1.0.1.jar:/home/previotto/.m2/repository/com/google/guava/listenablefuture/9999.0-empty-to-avoid-conflict-with-guava/listenablefuture-9999.0-empty-to-avoid-conflict-with-guava.jar:/home/previotto/.m2/repository/com/google/code/findbugs/jsr305/3.0.2/jsr305-3.0.2.jar:/home/previotto/.m2/repository/org/checkerframework/checker-qual/3.12.0/checker-qual-3.12.0.jar:/home/previotto/.m2/repository/com/google/errorprone/error_prone_annotations/2.11.0/error_prone_annotations-2.11.0.jar:/home/previotto/.m2/repository/com/google/j2objc/j2objc-annotations/1.3/j2objc-annotations-1.3.jar:/home/previotto/.m2/repository/org/openjfx/javafx-controls/13/javafx-controls-13.jar:/home/previotto/.m2/repository/org/openjfx/javafx-graphics/13/javafx-graphics-13.jar:/home/previotto/.m2/repository/org/openjfx/javafx-base/13/javafx-base-13.jar:/home/previotto/.m2/repository/org/openjfx/javafx-fxml/13/javafx-fxml-13.jar:/home/previotto/.m2/repository/org/mariadb/jdbc/mariadb-java-client/3.0.5/mariadb-java-client-3.0.5.jar:/home/previotto/.m2/repository/org/junit/jupiter/junit-jupiter-api/5.6.0/junit-jupiter-api-5.6.0.jar:/home/previotto/.m2/repository/org/apiguardian/apiguardian-api/1.1.0/apiguardian-api-1.1.0.jar:/home/previotto/.m2/repository/org/opentest4j/opentest4j/1.2.0/opentest4j-1.2.0.jar:/home/previotto/.m2/repository/org/junit/platform/junit-platform-commons/1.6.0/junit-platform-commons-1.6.0.jar:/home/previotto/.m2/repository/org/junit/jupiter/junit-jupiter-params/5.6.0/junit-jupiter-params-5.6.0.jar:/home/previotto/.m2/repository/org/junit/jupiter/junit-jupiter-engine/5.6.0/junit-jupiter-engine-5.6.0.jar:/home/previotto/.m2/repository/org/junit/platform/junit-platform-engine/1.6.0/junit-platform-engine-1.6.0.jar:/home/previotto/.m2/repository/org/openjfx/javafx-media/17.0.2/javafx-media-17.0.2.jar:/home/previotto/.m2/repository/org/hamcrest/hamcrest-core/1.3/hamcrest-core-1.3.jar:/home/previotto/.m2/repository/junit/junit/4.13.2/junit-4.13.2.jar:/home/previotto/.m2/repository/com/google/http-client/google-http-client-jackson2/1.43.3/google-http-client-jackson2-1.43.3.jar:/home/previotto/.m2/repository/com/google/http-client/google-http-client/1.43.3/google-http-client-1.43.3.jar:/home/previotto/.m2/repository/org/apache/httpcomponents/httpclient/4.5.14/httpclient-4.5.14.jar:/home/previotto/.m2/repository/commons-logging/commons-logging/1.2/commons-logging-1.2.jar:/home/previotto/.m2/repository/org/apache/httpcomponents/httpcore/4.4.16/httpcore-4.4.16.jar:/home/previotto/.m2/repository/io/opencensus/opencensus-api/0.31.1/opencensus-api-0.31.1.jar:/home/previotto/.m2/repository/io/grpc/grpc-context/1.27.2/grpc-context-1.27.2.jar:/home/previotto/.m2/repository/io/opencensus/opencensus-contrib-http-util/0.31.1/opencensus-contrib-http-util-0.31.1.jar:/home/previotto/.m2/repository/com/fasterxml/jackson/core/jackson-core/2.15.2/jackson-core-2.15.2.jar:"/>
    <property name="sun.cpu.endian" value="little"/>
    <property name="user.home" value="/home/previotto"/>
    <property name="user.language" value="es"/>
    <property name="java.specification.vendor" value="Oracle Corporation"/>
    <property name="jdk.module.path" value="/home/previotto/Escritorio/Bruno/Programa Flo/gestor_pacientes/target/classes:/home/previotto/.m2/repository/org/apache/maven/shared/maven-invoker/3.2.0/maven-invoker-3.2.0.jar:/home/previotto/.m2/repository/org/json/json/20210307/json-20210307.jar:/home/previotto/.m2/repository/org/eclipse/jgit/org.eclipse.jgit/6.8.0.202311291450-r/org.eclipse.jgit-6.8.0.202311291450-r.jar:/home/previotto/.m2/repository/commons-io/commons-io/2.15.1/commons-io-2.15.1.jar:/home/previotto/.m2/repository/com/dropbox/core/dropbox-core-sdk/6.0.0/dropbox-core-sdk-6.0.0.jar:/home/previotto/.m2/repository/org/jsoup/jsoup/1.17.2/jsoup-1.17.2.jar:/home/previotto/.m2/repository/com/google/guava/guava/31.1-jre/guava-31.1-jre.jar:/home/previotto/.m2/repository/org/openjfx/javafx-controls/13/javafx-controls-13-linux.jar:/home/previotto/.m2/repository/org/openjfx/javafx-graphics/13/javafx-graphics-13-linux.jar:/home/previotto/.m2/repository/org/openjfx/javafx-base/13/javafx-base-13-linux.jar:/home/previotto/.m2/repository/org/openjfx/javafx-fxml/13/javafx-fxml-13-linux.jar:/home/previotto/.m2/repository/com/jfoenix/jfoenix/9.0.10/jfoenix-9.0.10.jar:/home/previotto/.m2/repository/org/openjfx/javafx-web/17.0.2/javafx-web-17.0.2.jar:/home/previotto/.m2/repository/org/openjfx/javafx-web/17.0.2/javafx-web-17.0.2-linux.jar:/home/previotto/.m2/repository/org/openjfx/javafx-media/17.0.2/javafx-media-17.0.2-linux.jar"/>
    <property name="java.version.date" value="2022-10-18"/>
    <property name="java.home" value="/usr/lib/jvm/bellsoft-java17-full-amd64"/>
    <property name="file.separator" value="/"/>
    <property name="basedir" value="/home/previotto/Escritorio/Bruno/Programa Flo/gestor_pacientes"/>
    <property name="java.vm.compressedOopsMode" value="Zero based"/>
    <property name="line.separator" value="&#10;"/>
    <property name="java.specification.name" value="Java Platform API Specification"/>
    <property name="java.vm.specification.vendor" value="Oracle Corporation"/>
    <property name="surefire.real.class.path" value="/home/previotto/.m2/repository/org/apache/maven/surefire/surefire-api/3.1.2/surefire-api-3.1.2.jar:/home/previotto/.m2/repository/org/apache/maven/surefire/surefire-booter/3.1.2/surefire-booter-3.1.2.jar:/home/previotto/.m2/repository/org/apache/maven/surefire/surefire-extensions-spi/3.1.2/surefire-extensions-spi-3.1.2.jar:/home/previotto/.m2/repository/org/apache/maven/surefire/surefire-logger-api/3.1.2/surefire-logger-api-3.1.2.jar:/home/previotto/.m2/repository/org/apache/maven/surefire/surefire-shared-utils/3.1.2/surefire-shared-utils-3.1.2.jar:/home/previotto/Escritorio/Bruno/Programa Flo/gestor_pacientes/target/test-classes:/home/previotto/.m2/repository/org/apache/maven/shared/maven-shared-utils/3.3.4/maven-shared-utils-3.3.4.jar:/home/previotto/.m2/repository/javax/inject/javax.inject/1/javax.inject-1.jar:/home/previotto/.m2/repository/com/googlecode/javaewah/JavaEWAH/1.2.3/JavaEWAH-1.2.3.jar:/home/previotto/.m2/repository/org/slf4j/slf4j-api/1.7.36/slf4j-api-1.7.36.jar:/home/previotto/.m2/repository/commons-codec/commons-codec/1.16.0/commons-codec-1.16.0.jar:/home/previotto/.m2/repository/com/google/guava/failureaccess/1.0.1/failureaccess-1.0.1.jar:/home/previotto/.m2/repository/com/google/guava/listenablefuture/9999.0-empty-to-avoid-conflict-with-guava/listenablefuture-9999.0-empty-to-avoid-conflict-with-guava.jar:/home/previotto/.m2/repository/com/google/code/findbugs/jsr305/3.0.2/jsr305-3.0.2.jar:/home/previotto/.m2/repository/org/checkerframework/checker-qual/3.12.0/checker-qual-3.12.0.jar:/home/previotto/.m2/repository/com/google/errorprone/error_prone_annotations/2.11.0/error_prone_annotations-2.11.0.jar:/home/previotto/.m2/repository/com/google/j2objc/j2objc-annotations/1.3/j2objc-annotations-1.3.jar:/home/previotto/.m2/repository/org/openjfx/javafx-controls/13/javafx-controls-13.jar:/home/previotto/.m2/repository/org/openjfx/javafx-graphics/13/javafx-graphics-13.jar:/home/previotto/.m2/repository/org/openjfx/javafx-base/13/javafx-base-13.jar:/home/previotto/.m2/repository/org/openjfx/javafx-fxml/13/javafx-fxml-13.jar:/home/previotto/.m2/repository/org/mariadb/jdbc/mariadb-java-client/3.0.5/mariadb-java-client-3.0.5.jar:/home/previotto/.m2/repository/org/junit/jupiter/junit-jupiter-api/5.6.0/junit-jupiter-api-5.6.0.jar:/home/previotto/.m2/repository/org/apiguardian/apiguardian-api/1.1.0/apiguardian-api-1.1.0.jar:/home/previotto/.m2/repository/org/opentest4j/opentest4j/1.2.0/opentest4j-1.2.0.jar:/home/previotto/.m2/repository/org/junit/platform/junit-platform-commons/1.6.0/junit-platform-commons-1.6.0.jar:/home/previotto/.m2/repository/org/junit/jupiter/junit-jupiter-params/5.6.0/junit-jupiter-params-5.6.0.jar:/home/previotto/.m2/repository/org/junit/jupiter/junit-jupiter-engine/5.6.0/junit-jupiter-engine-5.6.0.jar:/home/previotto/.m2/repository/org/junit/platform/junit-platform-engine/1.6.0/junit-platform-engine-1.6.0.jar:/home/previotto/.m2/repository/org/openjfx/javafx-media/17.0.2/javafx-media-17.0.2.jar:/home/previotto/.m2/repository/org/hamcrest/hamcrest-core/1.3/hamcrest-core-1.3.jar:/home/previotto/.m2/repository/junit/junit/4.13.2/junit-4.13.2.jar:/home/previotto/.m2/repository/com/google/http-client/google-http-client-jackson2/1.43.3/google-http-client-jackson2-1.43.3.jar:/home/previotto/.m2/repository/com/google/http-client/google-http-client/1.43.3/google-http-client-1.43.3.jar:/home/previotto/.m2/repository/org/apache/httpcomponents/httpclient/4.5.14/httpclient-4.5.14.jar:/home/previotto/.m2/repository/commons-logging/commons-logging/1.2/commons-logging-1.2.jar:/home/previotto/.m2/repository/org/apache/httpcomponents/httpcore/4.4.16/httpcore-4.4.16.jar:/home/previotto/.m2/repository/io/opencensus/opencensus-api/0.31.1/opencensus-api-0.31.1.jar:/home/previotto/.m2/repository/io/grpc/grpc-context/1.27.2/grpc-context-1.27.2.jar:/home/previotto/.m2/repository/io/opencensus/opencensus-contrib-http-util/0.31.1/opencensus-contrib-http-util-0.31.1.jar:/home/previotto/.m2/repository/com/fasterxml/jackson/core/jackson-core/2.15.2/jackson-core-2.15.2.jar:/home/previotto/.m2/repository/org/apache/maven/surefire/surefire-junit-platform/3.1.2/surefire-junit-platform-3.1.2.jar:/home/previotto/.m2/repository/org/apache/maven/surefire/common-java5/3.1.2/common-java5-3.1.2.jar:/home/previotto/.m2/repository/org/junit/platform/junit-platform-launcher/1.6.0/junit-platform-launcher-1.6.0.jar"/>
    <property name="sun.management.compiler" value="HotSpot 64-Bit Tiered Compilers"/>
    <property name="java.runtime.version" value="17.0.5+8-LTS"/>
    <property name="user.name" value="previotto"/>
    <property name="path.separator" value=":"/>
    <property name="os.version" value="6.5.0-15-generic"/>
    <property name="java.runtime.name" value="OpenJDK Runtime Environment"/>
    <property name="file.encoding" value="UTF-8"/>
    <property name="java.vm.name" value="OpenJDK 64-Bit Server VM"/>
    <property name="maven.ext.class.path" value="/usr/lib/apache-netbeans/java/maven-nblib/netbeans-eventspy.jar"/>
    <property name="localRepository" value="/home/previotto/.m2/repository"/>
    <property name="java.vendor.url.bug" value="https://bell-sw.com/support"/>
    <property name="java.io.tmpdir" value="/tmp"/>
    <property name="java.version" value="17.0.5"/>
    <property name="user.dir" value="/home/previotto/Escritorio/Bruno/Programa Flo/gestor_pacientes"/>
    <property name="os.arch" value="amd64"/>
    <property name="java.vm.specification.name" value="Java Virtual Machine Specification"/>
    <property name="native.encoding" value="UTF-8"/>
    <property name="java.library.path" value="/usr/java/packages/lib:/usr/lib64:/lib64:/lib:/usr/lib"/>
    <property name="java.vm.info" value="mixed mode"/>
    <property name="java.vendor" value="BellSoft"/>
    <property name="java.vm.version" value="17.0.5+8-LTS"/>
    <property name="sun.io.unicode.encoding" value="UnicodeLittle"/>
    <property name="java.class.version" value="61.0"/>
  </properties>
  <testcase name="testObtener" classname="com.pacientes.gestor_pacientes.implementacionDAO.Paciente.DatosPrincipalesDAOImplementacionTest" time="0.056"/>
</testsuite>